  Matrix.cpp
Matrix.cpp(58): warning C4244: 'initializing': conversion from 'double' to 'int', possible loss of data
Matrix.cpp(59): warning C4244: 'initializing': conversion from 'double' to 'int', possible loss of data
Matrix.cpp(78): warning C4244: 'initializing': conversion from 'double' to 'int', possible loss of data
Matrix.cpp(79): warning C4244: 'initializing': conversion from 'double' to 'int', possible loss of data
Matrix.cpp(91): warning C4244: 'initializing': conversion from 'double' to 'int', possible loss of data
Matrix.cpp(168): warning C4244: '=': conversion from 'double' to 'int', possible loss of data
Matrix.cpp(171): warning C4244: 'argument': conversion from 'double' to 'int', possible loss of data
Matrix.cpp(214): warning C4244: 'argument': conversion from 'double' to 'int', possible loss of data
Matrix.cpp(226): warning C4244: 'argument': conversion from 'double' to 'int', possible loss of data
Matrix.cpp(231): warning C4244: 'argument': conversion from 'double' to 'int', possible loss of data
Matrix.cpp(284): warning C4244: 'argument': conversion from 'double' to 'int', possible loss of data
Matrix.cpp(147): warning C4101: 'request': unreferenced local variable
Matrix.cpp(147): warning C4101: 'request2': unreferenced local variable
  Generating code
  1 of 136 functions ( 0.7%) were compiled, the rest were copied from previous compilation.
    0 functions were new in current compilation
    0 functions had inline decision re-evaluated but remain unchanged
  Finished generating code
  AllGather.vcxproj -> D:\School\an 4\PDC\All_Gather\AllGather\Release\Matrix.exe
